<?xml version="1.0" encoding="UTF-8"?>
<!-- Generated by org.testng.reporters.JUnitReportReporter -->
<testsuite hostname="Sushma" name="com.cucumber.CucumberTestImpl" tests="3" failures="0" timestamp="17 Sep 2016 17:36:15 GMT" time="1.350" errors="0">
  <testcase name="cucumber" time="0.134" classname="com.cucumber.CucumberTestImpl"/>
  <testcase name="cucumber" time="0.075" classname="com.cucumber.CucumberTestImpl"/>
  <testcase name="cucumber" time="1.141" classname="com.cucumber.CucumberTestImpl"/>
</testsuite> <!-- com.cucumber.CucumberTestImpl -->
